2013-07-13 08:57:17 Error: [MissingControllerException] Controller class NewcaseController could not be found.
Exception Attributes: array (
  'class' => 'NewcaseController',
  'plugin' => NULL,
)
Request URL: /icase/newcase
Stack Trace:
#0 C:\Program Files (x86)\Ampps\www\icase\app\webroot\index.php(110): Dispatcher->dispatch(Object(CakeRequest), Object(CakeResponse))
#1 {main}
2013-07-13 08:57:29 Error: Fatal Error (4): syntax error, unexpected T_VARIABLE, expecting T_FUNCTION in [C:\Program Files (x86)\Ampps\www\icase\app\Controller\NewcasesController.php, line 4]
2013-07-13 08:57:29 Error: [FatalErrorException] syntax error, unexpected T_VARIABLE, expecting T_FUNCTION
Request URL: /icase/newcases
Stack Trace:
#0 C:\Program Files (x86)\Ampps\www\icase\lib\Cake\Error\ErrorHandler.php(184): ErrorHandler::handleFatalError(4, 'syntax error, u...', 'C:\Program File...', 4)
#1 [internal function]: ErrorHandler::handleError(4, 'syntax error, u...', 'C:\Program File...', 4, Array)
#2 C:\Program Files (x86)\Ampps\www\icase\lib\Cake\Core\App.php(930): call_user_func('ErrorHandler::h...', 4, 'syntax error, u...', 'C:\Program File...', 4, Array)
#3 C:\Program Files (x86)\Ampps\www\icase\lib\Cake\Core\App.php(903): App::_checkFatalError()
#4 [internal function]: App::shutdown()
#5 {main}
2013-07-13 08:58:12 Error: [MissingActionException] Action NewcasesController::index() could not be found.
Exception Attributes: array (
  'controller' => 'NewcasesController',
  'action' => 'index',
)
Request URL: /icase/newcases
Stack Trace:
#0 C:\Program Files (x86)\Ampps\www\icase\lib\Cake\Routing\Dispatcher.php(187): Controller->invokeAction(Object(CakeRequest))
#1 C:\Program Files (x86)\Ampps\www\icase\lib\Cake\Routing\Dispatcher.php(162): Dispatcher->_invoke(Object(NewcasesController), Object(CakeRequest), Object(CakeResponse))
#2 C:\Program Files (x86)\Ampps\www\icase\app\webroot\index.php(110): Dispatcher->dispatch(Object(CakeRequest), Object(CakeResponse))
#3 {main}
2013-07-13 08:58:41 Error: [MissingViewException] View file "C:\Program Files (x86)\Ampps\www\icase\app\View\Newcases\index.ctp" is missing.
Exception Attributes: array (
  'file' => 'C:\\Program Files (x86)\\Ampps\\www\\icase\\app\\View\\Newcases\\index.ctp',
)
Request URL: /icase/newcases
Stack Trace:
#0 C:\Program Files (x86)\Ampps\www\icase\lib\Cake\View\View.php(468): View->_getViewFileName(NULL)
#1 C:\Program Files (x86)\Ampps\www\icase\lib\Cake\Controller\Controller.php(948): View->render(NULL, NULL)
#2 C:\Program Files (x86)\Ampps\www\icase\lib\Cake\Routing\Dispatcher.php(194): Controller->render()
#3 C:\Program Files (x86)\Ampps\www\icase\lib\Cake\Routing\Dispatcher.php(162): Dispatcher->_invoke(Object(NewcasesController), Object(CakeRequest), Object(CakeResponse))
#4 C:\Program Files (x86)\Ampps\www\icase\app\webroot\index.php(110): Dispatcher->dispatch(Object(CakeRequest), Object(CakeResponse))
#5 {main}
2013-07-13 21:10:57 Error: [MissingControllerException] Controller class IcaseController could not be found.
Exception Attributes: array (
  'class' => 'IcaseController',
  'plugin' => NULL,
)
Request URL: /icase/icase/img/gallery/brasil.jpg
Stack Trace:
#0 C:\Program Files (x86)\Ampps\www\icase\app\webroot\index.php(110): Dispatcher->dispatch(Object(CakeRequest), Object(CakeResponse))
#1 {main}
2013-07-13 21:11:06 Error: [MissingControllerException] Controller class IcaseController could not be found.
Exception Attributes: array (
  'class' => 'IcaseController',
  'plugin' => NULL,
)
Request URL: /icase/icase/img/gallery/brasil.jpg
Stack Trace:
#0 C:\Program Files (x86)\Ampps\www\icase\app\webroot\index.php(110): Dispatcher->dispatch(Object(CakeRequest), Object(CakeResponse))
#1 {main}
2013-07-13 21:11:07 Error: [MissingControllerException] Controller class IcaseController could not be found.
Exception Attributes: array (
  'class' => 'IcaseController',
  'plugin' => NULL,
)
Request URL: /icase/icase/img/gallery/css/style.css
Stack Trace:
#0 C:\Program Files (x86)\Ampps\www\icase\app\webroot\index.php(110): Dispatcher->dispatch(Object(CakeRequest), Object(CakeResponse))
#1 {main}
2013-07-13 21:11:08 Error: [MissingControllerException] Controller class IcaseController could not be found.
Exception Attributes: array (
  'class' => 'IcaseController',
  'plugin' => NULL,
)
Request URL: /icase/icase/img/gallery/js/libs/jquery.ui.touch-punch.min.js
Stack Trace:
#0 C:\Program Files (x86)\Ampps\www\icase\app\webroot\index.php(110): Dispatcher->dispatch(Object(CakeRequest), Object(CakeResponse))
#1 {main}
2013-07-13 21:11:08 Error: [MissingControllerException] Controller class IcaseController could not be found.
Exception Attributes: array (
  'class' => 'IcaseController',
  'plugin' => NULL,
)
Request URL: /icase/icase/img/gallery/js/slider/jquery.responsivethumbnailgallery.min.js
Stack Trace:
#0 C:\Program Files (x86)\Ampps\www\icase\app\webroot\index.php(110): Dispatcher->dispatch(Object(CakeRequest), Object(CakeResponse))
#1 {main}
2013-07-13 21:11:08 Error: [MissingControllerException] Controller class IcaseController could not be found.
Exception Attributes: array (
  'class' => 'IcaseController',
  'plugin' => NULL,
)
Request URL: /icase/icase/img/gallery/js/slider/jquery.onebyone.min.js
Stack Trace:
#0 C:\Program Files (x86)\Ampps\www\icase\app\webroot\index.php(110): Dispatcher->dispatch(Object(CakeRequest), Object(CakeResponse))
#1 {main}
2013-07-13 21:11:08 Error: [MissingControllerException] Controller class IcaseController could not be found.
Exception Attributes: array (
  'class' => 'IcaseController',
  'plugin' => NULL,
)
Request URL: /icase/icase/img/gallery/js/menu/jquery.ct.3LevelAccordion.min.js
Stack Trace:
#0 C:\Program Files (x86)\Ampps\www\icase\app\webroot\index.php(110): Dispatcher->dispatch(Object(CakeRequest), Object(CakeResponse))
#1 {main}
2013-07-13 21:11:09 Error: [MissingControllerException] Controller class IcaseController could not be found.
Exception Attributes: array (
  'class' => 'IcaseController',
  'plugin' => NULL,
)
Request URL: /icase/icase/img/gallery/js/slider/jquery.touchwipe.min.js
Stack Trace:
#0 C:\Program Files (x86)\Ampps\www\icase\app\webroot\index.php(110): Dispatcher->dispatch(Object(CakeRequest), Object(CakeResponse))
#1 {main}
2013-07-13 21:11:10 Error: [MissingControllerException] Controller class IcaseController could not be found.
Exception Attributes: array (
  'class' => 'IcaseController',
  'plugin' => NULL,
)
Request URL: /icase/icase/img/gallery/js/include/jquery.todo.min.js
Stack Trace:
#0 C:\Program Files (x86)\Ampps\www\icase\app\webroot\index.php(110): Dispatcher->dispatch(Object(CakeRequest), Object(CakeResponse))
#1 {main}
2013-07-13 21:11:10 Error: [MissingControllerException] Controller class IcaseController could not be found.
Exception Attributes: array (
  'class' => 'IcaseController',
  'plugin' => NULL,
)
Request URL: /icase/icase/img/gallery/js/include/jquery.fitvids.min.js
Stack Trace:
#0 C:\Program Files (x86)\Ampps\www\icase\app\webroot\index.php(110): Dispatcher->dispatch(Object(CakeRequest), Object(CakeResponse))
#1 {main}
2013-07-13 21:11:10 Error: [MissingControllerException] Controller class IcaseController could not be found.
Exception Attributes: array (
  'class' => 'IcaseController',
  'plugin' => NULL,
)
Request URL: /icase/icase/img/gallery/js/include/jquery.tweet.min.js
Stack Trace:
#0 C:\Program Files (x86)\Ampps\www\icase\app\webroot\index.php(110): Dispatcher->dispatch(Object(CakeRequest), Object(CakeResponse))
#1 {main}
2013-07-13 21:11:10 Error: [MissingControllerException] Controller class IcaseController could not be found.
Exception Attributes: array (
  'class' => 'IcaseController',
  'plugin' => NULL,
)
Request URL: /icase/icase/img/gallery/js/include/jquery.equal-heights.min.js
Stack Trace:
#0 C:\Program Files (x86)\Ampps\www\icase\app\webroot\index.php(110): Dispatcher->dispatch(Object(CakeRequest), Object(CakeResponse))
#1 {main}
2013-07-13 21:11:11 Error: [MissingControllerException] Controller class IcaseController could not be found.
Exception Attributes: array (
  'class' => 'IcaseController',
  'plugin' => NULL,
)
Request URL: /icase/icase/img/gallery/js/config.js
Stack Trace:
#0 C:\Program Files (x86)\Ampps\www\icase\app\webroot\index.php(110): Dispatcher->dispatch(Object(CakeRequest), Object(CakeResponse))
#1 {main}
2013-07-13 21:11:11 Error: [MissingControllerException] Controller class IcaseController could not be found.
Exception Attributes: array (
  'class' => 'IcaseController',
  'plugin' => NULL,
)
Request URL: /icase/icase/img/gallery/js/include/jquery.select2.min.js
Stack Trace:
#0 C:\Program Files (x86)\Ampps\www\icase\app\webroot\index.php(110): Dispatcher->dispatch(Object(CakeRequest), Object(CakeResponse))
#1 {main}
2013-07-13 21:11:11 Error: [MissingControllerException] Controller class IcaseController could not be found.
Exception Attributes: array (
  'class' => 'IcaseController',
  'plugin' => NULL,
)
Request URL: /icase/icase/img/gallery/js/include/jquery.pubsub.min.js
Stack Trace:
#0 C:\Program Files (x86)\Ampps\www\icase\app\webroot\index.php(110): Dispatcher->dispatch(Object(CakeRequest), Object(CakeResponse))
#1 {main}
2013-07-13 21:11:11 Error: [MissingControllerException] Controller class IcaseController could not be found.
Exception Attributes: array (
  'class' => 'IcaseController',
  'plugin' => NULL,
)
Request URL: /icase/icase/img/gallery/js/include/bootstrap.min.js
Stack Trace:
#0 C:\Program Files (x86)\Ampps\www\icase\app\webroot\index.php(110): Dispatcher->dispatch(Object(CakeRequest), Object(CakeResponse))
#1 {main}
2013-07-13 21:11:12 Error: [MissingControllerException] Controller class IcaseController could not be found.
Exception Attributes: array (
  'class' => 'IcaseController',
  'plugin' => NULL,
)
Request URL: /icase/icase/img/gallery/ico/favicon.ico
Stack Trace:
#0 C:\Program Files (x86)\Ampps\www\icase\app\webroot\index.php(110): Dispatcher->dispatch(Object(CakeRequest), Object(CakeResponse))
#1 {main}
2013-07-13 21:18:14 Error: [MissingControllerException] Controller class Upload.phpController could not be found.
Exception Attributes: array (
  'class' => 'Upload.phpController',
  'plugin' => NULL,
)
Request URL: /icase/upload.php
Stack Trace:
#0 C:\Program Files (x86)\Ampps\www\icase\app\webroot\index.php(110): Dispatcher->dispatch(Object(CakeRequest), Object(CakeResponse))
#1 {main}
2013-07-13 21:24:05 Error: [MissingControllerException] Controller class Upload.phpController could not be found.
Exception Attributes: array (
  'class' => 'Upload.phpController',
  'plugin' => NULL,
)
Request URL: /icase/upload.php
Stack Trace:
#0 C:\Program Files (x86)\Ampps\www\icase\app\webroot\index.php(110): Dispatcher->dispatch(Object(CakeRequest), Object(CakeResponse))
#1 {main}
2013-07-13 21:51:17 Error: Fatal Error (1): Call to undefined function finfo_open() in [C:\Program Files (x86)\Ampps\www\icase\app\Controller\MediaController.php, line 150]
2013-07-13 21:51:17 Error: [FatalErrorException] Call to undefined function finfo_open()
Request URL: /icase/media/upload
Stack Trace:
#0 C:\Program Files (x86)\Ampps\www\icase\lib\Cake\Error\ErrorHandler.php(184): ErrorHandler::handleFatalError(1, 'Call to undefin...', 'C:\Program File...', 150)
#1 [internal function]: ErrorHandler::handleError(1, 'Call to undefin...', 'C:\Program File...', 150, Array)
#2 C:\Program Files (x86)\Ampps\www\icase\lib\Cake\Core\App.php(930): call_user_func('ErrorHandler::h...', 1, 'Call to undefin...', 'C:\Program File...', 150, Array)
#3 C:\Program Files (x86)\Ampps\www\icase\lib\Cake\Core\App.php(903): App::_checkFatalError()
#4 [internal function]: App::shutdown()
#5 {main}
2013-07-13 21:52:42 Error: Fatal Error (1): Call to undefined function finfo_open() in [C:\Program Files (x86)\Ampps\www\icase\app\Controller\MediaController.php, line 150]
2013-07-13 21:52:42 Error: [FatalErrorException] Call to undefined function finfo_open()
Request URL: /icase/media/upload
Stack Trace:
#0 C:\Program Files (x86)\Ampps\www\icase\lib\Cake\Error\ErrorHandler.php(184): ErrorHandler::handleFatalError(1, 'Call to undefin...', 'C:\Program File...', 150)
#1 [internal function]: ErrorHandler::handleError(1, 'Call to undefin...', 'C:\Program File...', 150, Array)
#2 C:\Program Files (x86)\Ampps\www\icase\lib\Cake\Core\App.php(930): call_user_func('ErrorHandler::h...', 1, 'Call to undefin...', 'C:\Program File...', 150, Array)
#3 C:\Program Files (x86)\Ampps\www\icase\lib\Cake\Core\App.php(903): App::_checkFatalError()
#4 [internal function]: App::shutdown()
#5 {main}
2013-07-13 21:54:03 Error: Fatal Error (1): Call to undefined function finfo_open() in [C:\Program Files (x86)\Ampps\www\icase\app\Controller\MediaController.php, line 150]
2013-07-13 21:54:03 Error: [FatalErrorException] Call to undefined function finfo_open()
Request URL: /icase/media/upload
Stack Trace:
#0 C:\Program Files (x86)\Ampps\www\icase\lib\Cake\Error\ErrorHandler.php(184): ErrorHandler::handleFatalError(1, 'Call to undefin...', 'C:\Program File...', 150)
#1 [internal function]: ErrorHandler::handleError(1, 'Call to undefin...', 'C:\Program File...', 150, Array)
#2 C:\Program Files (x86)\Ampps\www\icase\lib\Cake\Core\App.php(930): call_user_func('ErrorHandler::h...', 1, 'Call to undefin...', 'C:\Program File...', 150, Array)
#3 C:\Program Files (x86)\Ampps\www\icase\lib\Cake\Core\App.php(903): App::_checkFatalError()
#4 [internal function]: App::shutdown()
#5 {main}
2013-07-13 21:54:52 Error: Fatal Error (1): Call to undefined function finfo_open() in [C:\Program Files (x86)\Ampps\www\icase\app\Controller\MediaController.php, line 150]
2013-07-13 21:54:52 Error: [FatalErrorException] Call to undefined function finfo_open()
Request URL: /icase/media/upload
Stack Trace:
#0 C:\Program Files (x86)\Ampps\www\icase\lib\Cake\Error\ErrorHandler.php(184): ErrorHandler::handleFatalError(1, 'Call to undefin...', 'C:\Program File...', 150)
#1 [internal function]: ErrorHandler::handleError(1, 'Call to undefin...', 'C:\Program File...', 150, Array)
#2 C:\Program Files (x86)\Ampps\www\icase\lib\Cake\Core\App.php(930): call_user_func('ErrorHandler::h...', 1, 'Call to undefin...', 'C:\Program File...', 150, Array)
#3 C:\Program Files (x86)\Ampps\www\icase\lib\Cake\Core\App.php(903): App::_checkFatalError()
#4 [internal function]: App::shutdown()
#5 {main}
2013-07-13 22:00:30 Error: [MissingControllerException] Controller class Upload.phpController could not be found.
Exception Attributes: array (
  'class' => 'Upload.phpController',
  'plugin' => NULL,
)
Request URL: /icase/upload.php
Stack Trace:
#0 C:\Program Files (x86)\Ampps\www\icase\app\webroot\index.php(110): Dispatcher->dispatch(Object(CakeRequest), Object(CakeResponse))
#1 {main}
2013-07-13 22:13:36 Error: Fatal Error (1): Call to undefined function finfo_open() in [C:\Program Files (x86)\Ampps\www\icase\app\Controller\MediaController.php, line 150]
2013-07-13 22:13:36 Error: [FatalErrorException] Call to undefined function finfo_open()
Request URL: /icase/media/upload
Stack Trace:
#0 C:\Program Files (x86)\Ampps\www\icase\lib\Cake\Error\ErrorHandler.php(184): ErrorHandler::handleFatalError(1, 'Call to undefin...', 'C:\Program File...', 150)
#1 [internal function]: ErrorHandler::handleError(1, 'Call to undefin...', 'C:\Program File...', 150, Array)
#2 C:\Program Files (x86)\Ampps\www\icase\lib\Cake\Core\App.php(930): call_user_func('ErrorHandler::h...', 1, 'Call to undefin...', 'C:\Program File...', 150, Array)
#3 C:\Program Files (x86)\Ampps\www\icase\lib\Cake\Core\App.php(903): App::_checkFatalError()
#4 [internal function]: App::shutdown()
#5 {main}
2013-07-13 22:13:57 Error: Fatal Error (1): Call to undefined function finfo_open() in [C:\Program Files (x86)\Ampps\www\icase\app\Controller\MediaController.php, line 150]
2013-07-13 22:13:57 Error: [FatalErrorException] Call to undefined function finfo_open()
Request URL: /icase/media/upload
Stack Trace:
#0 C:\Program Files (x86)\Ampps\www\icase\lib\Cake\Error\ErrorHandler.php(184): ErrorHandler::handleFatalError(1, 'Call to undefin...', 'C:\Program File...', 150)
#1 [internal function]: ErrorHandler::handleError(1, 'Call to undefin...', 'C:\Program File...', 150, Array)
#2 C:\Program Files (x86)\Ampps\www\icase\lib\Cake\Core\App.php(930): call_user_func('ErrorHandler::h...', 1, 'Call to undefin...', 'C:\Program File...', 150, Array)
#3 C:\Program Files (x86)\Ampps\www\icase\lib\Cake\Core\App.php(903): App::_checkFatalError()
#4 [internal function]: App::shutdown()
#5 {main}
2013-07-13 22:16:21 Error: Fatal Error (1): Call to undefined function finfo_open() in [C:\Program Files (x86)\Ampps\www\icase\app\Controller\MediaController.php, line 150]
2013-07-13 22:16:21 Error: [FatalErrorException] Call to undefined function finfo_open()
Request URL: /icase/media/upload
Stack Trace:
#0 C:\Program Files (x86)\Ampps\www\icase\lib\Cake\Error\ErrorHandler.php(184): ErrorHandler::handleFatalError(1, 'Call to undefin...', 'C:\Program File...', 150)
#1 [internal function]: ErrorHandler::handleError(1, 'Call to undefin...', 'C:\Program File...', 150, Array)
#2 C:\Program Files (x86)\Ampps\www\icase\lib\Cake\Core\App.php(930): call_user_func('ErrorHandler::h...', 1, 'Call to undefin...', 'C:\Program File...', 150, Array)
#3 C:\Program Files (x86)\Ampps\www\icase\lib\Cake\Core\App.php(903): App::_checkFatalError()
#4 [internal function]: App::shutdown()
#5 {main}
2013-07-13 22:27:09 Error: Fatal Error (1): Call to undefined function finfo_open() in [C:\Program Files (x86)\Ampps\www\icase\app\Controller\MediaController.php, line 150]
2013-07-13 22:27:09 Error: [FatalErrorException] Call to undefined function finfo_open()
Request URL: /icase/media/upload
Stack Trace:
#0 C:\Program Files (x86)\Ampps\www\icase\lib\Cake\Error\ErrorHandler.php(184): ErrorHandler::handleFatalError(1, 'Call to undefin...', 'C:\Program File...', 150)
#1 [internal function]: ErrorHandler::handleError(1, 'Call to undefin...', 'C:\Program File...', 150, Array)
#2 C:\Program Files (x86)\Ampps\www\icase\lib\Cake\Core\App.php(930): call_user_func('ErrorHandler::h...', 1, 'Call to undefin...', 'C:\Program File...', 150, Array)
#3 C:\Program Files (x86)\Ampps\www\icase\lib\Cake\Core\App.php(903): App::_checkFatalError()
#4 [internal function]: App::shutdown()
#5 {main}
2013-07-13 22:27:30 Error: Fatal Error (1): Call to undefined function finfo_open() in [C:\Program Files (x86)\Ampps\www\icase\app\Controller\MediaController.php, line 150]
2013-07-13 22:27:30 Error: [FatalErrorException] Call to undefined function finfo_open()
Request URL: /icase/media/upload
Stack Trace:
#0 C:\Program Files (x86)\Ampps\www\icase\lib\Cake\Error\ErrorHandler.php(184): ErrorHandler::handleFatalError(1, 'Call to undefin...', 'C:\Program File...', 150)
#1 [internal function]: ErrorHandler::handleError(1, 'Call to undefin...', 'C:\Program File...', 150, Array)
#2 C:\Program Files (x86)\Ampps\www\icase\lib\Cake\Core\App.php(930): call_user_func('ErrorHandler::h...', 1, 'Call to undefin...', 'C:\Program File...', 150, Array)
#3 C:\Program Files (x86)\Ampps\www\icase\lib\Cake\Core\App.php(903): App::_checkFatalError()
#4 [internal function]: App::shutdown()
#5 {main}
2013-07-13 22:38:50 Error: Fatal Error (1): Call to undefined function finfo_open() in [C:\Program Files (x86)\Ampps\www\icase\app\Controller\MediaController.php, line 150]
2013-07-13 22:38:50 Error: [FatalErrorException] Call to undefined function finfo_open()
Request URL: /icase/media/upload
Stack Trace:
#0 C:\Program Files (x86)\Ampps\www\icase\lib\Cake\Error\ErrorHandler.php(184): ErrorHandler::handleFatalError(1, 'Call to undefin...', 'C:\Program File...', 150)
#1 [internal function]: ErrorHandler::handleError(1, 'Call to undefin...', 'C:\Program File...', 150, Array)
#2 C:\Program Files (x86)\Ampps\www\icase\lib\Cake\Core\App.php(930): call_user_func('ErrorHandler::h...', 1, 'Call to undefin...', 'C:\Program File...', 150, Array)
#3 C:\Program Files (x86)\Ampps\www\icase\lib\Cake\Core\App.php(903): App::_checkFatalError()
#4 [internal function]: App::shutdown()
#5 {main}
2013-07-14 20:27:00 Error: Fatal Error (1): Call to undefined function finfo_open() in [C:\Program Files (x86)\Ampps\www\icase\app\Controller\MediaController.php, line 151]
2013-07-14 20:27:00 Error: [FatalErrorException] Call to undefined function finfo_open()
Request URL: /icase/media/upload
Stack Trace:
#0 C:\Program Files (x86)\Ampps\www\icase\lib\Cake\Error\ErrorHandler.php(184): ErrorHandler::handleFatalError(1, 'Call to undefin...', 'C:\Program File...', 151)
#1 [internal function]: ErrorHandler::handleError(1, 'Call to undefin...', 'C:\Program File...', 151, Array)
#2 C:\Program Files (x86)\Ampps\www\icase\lib\Cake\Core\App.php(930): call_user_func('ErrorHandler::h...', 1, 'Call to undefin...', 'C:\Program File...', 151, Array)
#3 C:\Program Files (x86)\Ampps\www\icase\lib\Cake\Core\App.php(903): App::_checkFatalError()
#4 [internal function]: App::shutdown()
#5 {main}
2013-07-14 20:27:32 Error: Fatal Error (1): Call to undefined function finfo_open() in [C:\Program Files (x86)\Ampps\www\icase\app\Controller\MediaController.php, line 151]
2013-07-14 20:27:32 Error: [FatalErrorException] Call to undefined function finfo_open()
Request URL: /icase/media/upload
Stack Trace:
#0 C:\Program Files (x86)\Ampps\www\icase\lib\Cake\Error\ErrorHandler.php(184): ErrorHandler::handleFatalError(1, 'Call to undefin...', 'C:\Program File...', 151)
#1 [internal function]: ErrorHandler::handleError(1, 'Call to undefin...', 'C:\Program File...', 151, Array)
#2 C:\Program Files (x86)\Ampps\www\icase\lib\Cake\Core\App.php(930): call_user_func('ErrorHandler::h...', 1, 'Call to undefin...', 'C:\Program File...', 151, Array)
#3 C:\Program Files (x86)\Ampps\www\icase\lib\Cake\Core\App.php(903): App::_checkFatalError()
#4 [internal function]: App::shutdown()
#5 {main}
2013-07-14 20:29:04 Error: Fatal Error (1): Call to undefined function finfo_open() in [C:\Program Files (x86)\Ampps\www\icase\app\Controller\MediaController.php, line 151]
2013-07-14 20:29:04 Error: [FatalErrorException] Call to undefined function finfo_open()
Request URL: /icase/media/upload
Stack Trace:
#0 C:\Program Files (x86)\Ampps\www\icase\lib\Cake\Error\ErrorHandler.php(184): ErrorHandler::handleFatalError(1, 'Call to undefin...', 'C:\Program File...', 151)
#1 [internal function]: ErrorHandler::handleError(1, 'Call to undefin...', 'C:\Program File...', 151, Array)
#2 C:\Program Files (x86)\Ampps\www\icase\lib\Cake\Core\App.php(930): call_user_func('ErrorHandler::h...', 1, 'Call to undefin...', 'C:\Program File...', 151, Array)
#3 C:\Program Files (x86)\Ampps\www\icase\lib\Cake\Core\App.php(903): App::_checkFatalError()
#4 [internal function]: App::shutdown()
#5 {main}
2013-07-14 20:29:38 Error: Fatal Error (1): Call to undefined function finfo_open() in [C:\Program Files (x86)\Ampps\www\icase\app\Controller\MediaController.php, line 151]
2013-07-14 20:29:38 Error: [FatalErrorException] Call to undefined function finfo_open()
Request URL: /icase/media/upload
Stack Trace:
#0 C:\Program Files (x86)\Ampps\www\icase\lib\Cake\Error\ErrorHandler.php(184): ErrorHandler::handleFatalError(1, 'Call to undefin...', 'C:\Program File...', 151)
#1 [internal function]: ErrorHandler::handleError(1, 'Call to undefin...', 'C:\Program File...', 151, Array)
#2 C:\Program Files (x86)\Ampps\www\icase\lib\Cake\Core\App.php(930): call_user_func('ErrorHandler::h...', 1, 'Call to undefin...', 'C:\Program File...', 151, Array)
#3 C:\Program Files (x86)\Ampps\www\icase\lib\Cake\Core\App.php(903): App::_checkFatalError()
#4 [internal function]: App::shutdown()
#5 {main}
